<?xml version="1.0" encoding="UTF-8"?>
<testsuite xmlns:xsi="http://www.w3.org/2001/XMLSchema-instance" xsi:noNamespaceSchemaLocation="https://maven.apache.org/surefire/maven-surefire-plugin/xsd/surefire-test-report.xsd" version="3.0.2" name="com.uc15.ferramentotecaweb.FerramentotecawebApplicationTests" time="7.662" tests="1" errors="0" skipped="0" failures="0">
  <properties>
[...]
</properties>
  <testcase name="contextLoads" classname="com.uc15.ferramentotecaweb.FerramentotecawebApplicationTests" time="0.848">
    <system-out><![CDATA[13:51:25.036 [main] INFO org.springframework.test.context.support.AnnotationConfigContextLoaderUtils -- Could not detect default configuration classes for test class [com.uc15.ferramentotecaweb.FerramentotecawebApplicationTests]: FerramentotecawebApplicationTests does not declare any static, non-private, non-final, nested classes annotated with @Configuration.
13:51:25.398 [main] INFO org.springframework.boot.test.context.SpringBootTestContextBootstrapper -- Found @SpringBootConfiguration com.uc15.ferramentotecaweb.FerramentotecawebApplication for test class com.uc15.ferramentotecaweb.FerramentotecawebApplicationTests

  .   ____          _            __ _ _
 /\\ / ___'_ __ _ _(_)_ __  __ _ \ \ \ \
( ( )\___ | '_ | '_| | '_ \/ _` | \ \ \ \
 \\/  ___)| |_)| | | | | || (_| |  ) ) ) )
  '  |____| .__|_| |_|_| |_\__, | / / / /
 =========|_|==============|___/=/_/_/_/

 :: Spring Boot ::               (v3.4.12)

2026-08-17T13:51:26.445-03:00  INFO 16656 --- [ferramentotecaweb] [           main] c.u.f.FerramentotecawebApplicationTests  : Starting FerramentotecawebApplicationTests using Java 17.0.12 with PID 16656 (started by USER in C:\Users\USER\Desktop\NetBeansProjects\ferramentotecaweb)
2026-08-17T13:51:26.448-03:00  INFO 16656 --- [ferramentotecaweb] [           main] c.u.f.FerramentotecawebApplicationTests  : No active profile set, falling back to 1 default profile: "default"
2026-08-17T13:51:27.900-03:00  INFO 16656 --- [ferramentotecaweb] [           main] .s.d.r.c.RepositoryConfigurationDelegate : Bootstrapping Spring Data JPA repositories in DEFAULT mode.
2026-08-17T13:51:27.946-03:00  INFO 16656 --- [ferramentotecaweb] [           main] .s.d.r.c.RepositoryConfigurationDelegate : Finished Spring Data repository scanning in 22 ms. Found 0 JPA repository interfaces.
2026-08-17T13:51:28.645-03:00  INFO 16656 --- [ferramentotecaweb] [           main] o.hibernate.jpa.internal.util.LogHelper  : HHH000204: Processing PersistenceUnitInfo [name: default]
2026-08-17T13:51:28.769-03:00  INFO 16656 --- [ferramentotecaweb] [           main] org.hibernate.Version                    : HHH000412: Hibernate ORM core version 6.6.36.Final
2026-08-17T13:51:28.843-03:00  INFO 16656 --- [ferramentotecaweb] [           main] o.h.c.internal.RegionFactoryInitiator    : HHH000026: Second-level cache disabled
2026-08-17T13:51:29.505-03:00  INFO 16656 --- [ferramentotecaweb] [           main] o.s.o.j.p.SpringPersistenceUnitInfo      : No LoadTimeWeaver setup: ignoring JPA class transformer
2026-08-17T13:51:29.566-03:00  INFO 16656 --- [ferramentotecaweb] [           main] com.zaxxer.hikari.HikariDataSource       : HikariPool-1 - Starting...
2026-08-17T13:51:29.842-03:00  INFO 16656 --- [ferramentotecaweb] [           main] com.zaxxer.hikari.pool.HikariPool        : HikariPool-1 - Added connection com.mysql.cj.jdbc.ConnectionImpl@71dd4624
2026-08-17T13:51:29.846-03:00  INFO 16656 --- [ferramentotecaweb] [           main] com.zaxxer.hikari.HikariDataSource       : HikariPool-1 - Start completed.
2026-08-17T13:51:29.989-03:00  INFO 16656 --- [ferramentotecaweb] [           main] org.hibernate.orm.connections.pooling    : HHH10001005: Database info:
	Database JDBC URL [Connecting through datasource 'HikariDataSource (HikariPool-1)']
	Database driver: undefined/unknown
	Database version: 8.0.27
	Autocommit mode: undefined/unknown
	Isolation level: undefined/unknown
	Minimum pool size: undefined/unknown
	Maximum pool size: undefined/unknown
2026-08-17T13:51:30.529-03:00  INFO 16656 --- [ferramentotecaweb] [           main] o.h.e.t.j.p.i.JtaPlatformInitiator       : HHH000489: No JTA platform available (set 'hibernate.transaction.jta.platform' to enable JTA platform integration)
2026-08-17T13:51:30.534-03:00  INFO 16656 --- [ferramentotecaweb] [           main] j.LocalContainerEntityManagerFactoryBean : Initialized JPA EntityManagerFactory for persistence unit 'default'
2026-08-17T13:51:30.770-03:00  WARN 16656 --- [ferramentotecaweb] [           main] JpaBaseConfiguration$JpaWebConfiguration : spring.jpa.open-in-view is enabled by default. Therefore, database queries may be performed during view rendering. Explicitly configure spring.jpa.open-in-view to disable this warning
2026-08-17T13:51:31.300-03:00  WARN 16656 --- [ferramentotecaweb] [           main] ion$DefaultTemplateResolverConfiguration : Cannot find template location: classpath:/templates/ (please add some templates, check your Thymeleaf configuration, or set spring.thymeleaf.check-template-location=false)
2026-08-17T13:51:31.513-03:00  INFO 16656 --- [ferramentotecaweb] [           main] c.u.f.FerramentotecawebApplicationTests  : Started FerramentotecawebApplicationTests in 5.635 seconds (process running for 7.68)
]]></system-out>
  </testcase>
</testsuite>